# JRE version: Java(TM) SE Runtime Environment (17.0.9+11) (build 17.0.9+11-LTS-201)
# Java VM: Java HotSpot(TM) 64-Bit Server VM (17.0.9+11-LTS-201, mixed mode, sharing, tiered, compressed oops, compressed class ptrs, g1 gc, windows-amd64)
GC Precious Log:
 CPUs: 4 total, 4 available
 Memory: 18308M
 Large Page Support: Disabled
 NUMA Support: Disabled
 Compressed Oops: Enabled (32-bit)
 Heap Region Size: 1M
 Heap Min Capacity: 8M
 Heap Initial Capacity: 288M
 Heap Max Capacity: 2G
 Pre-touch: Disabled
 Parallel Workers: 4
 Concurrent Workers: 1
 Concurrent Refinement Workers: 4
 Periodic GC: Disabled
Heap:
 garbage-first heap   total 460800K, used 359200K [0x0000000080000000, 0x0000000100000000)
  region size 1024K, 158 young (161792K), 16 survivors (16384K)
 Metaspace       used 126595K, committed 128128K, reserved 557056K
  class space    used 17648K, committed 18368K, reserved 425984K
GC Heap History (20 events):
Event: 40.707 GC heap before
{Heap before GC invocations=39 (full 0):
 garbage-first heap   total 202752K, used 163722K [0x0000000080000000, 0x0000000100000000)
  region size 1024K, 68 young (69632K), 7 survivors (7168K)
 Metaspace       used 87755K, committed 88640K, reserved 557056K
  class space    used 12373K, committed 12800K, reserved 425984K
}
Event: 40.731 GC heap after
{Heap after GC invocations=40 (full 0):
 garbage-first heap   total 202752K, used 115373K [0x0000000080000000, 0x0000000100000000)
  region size 1024K, 9 young (9216K), 9 survivors (9216K)
 Metaspace       used 87755K, committed 88640K, reserved 557056K
  class space    used 12373K, committed 12800K, reserved 425984K
}
Event: 40.759 GC heap before
{Heap before GC invocations=40 (full 0):
 garbage-first heap   total 202752K, used 116397K [0x0000000080000000, 0x0000000100000000)
  region size 1024K, 10 young (10240K), 9 survivors (9216K)
 Metaspace       used 87779K, committed 88704K, reserved 557056K
  class space    used 12377K, committed 12800K, reserved 425984K
}
Event: 40.769 GC heap after
{Heap after GC invocations=41 (full 0):
 garbage-first heap   total 202752K, used 117536K [0x0000000080000000, 0x0000000100000000)
  region size 1024K, 1 young (1024K), 1 survivors (1024K)
 Metaspace       used 87779K, committed 88704K, reserved 557056K
  class space    used 12377K, committed 12800K, reserved 425984K
}
Event: 41.920 GC heap before
{Heap before GC invocations=41 (full 0):
 garbage-first heap   total 202752K, used 167712K [0x0000000080000000, 0x0000000100000000)
  region size 1024K, 48 young (49152K), 1 survivors (1024K)
 Metaspace       used 88335K, committed 89280K, reserved 557056K
  class space    used 12448K, committed 12864K, reserved 425984K
}
Event: 41.935 GC heap after
{Heap after GC invocations=42 (full 0):
 garbage-first heap   total 202752K, used 133650K [0x0000000080000000, 0x0000000100000000)
  region size 1024K, 6 young (6144K), 6 survivors (6144K)
 Metaspace       used 88335K, committed 89280K, reserved 557056K
  class space    used 12448K, committed 12864K, reserved 425984K
}
Event: 42.887 GC heap before
{Heap before GC invocations=43 (full 0):
 garbage-first heap   total 230400K, used 164370K [0x0000000080000000, 0x0000000100000000)
  region size 1024K, 35 young (35840K), 6 survivors (6144K)
 Metaspace       used 88643K, committed 89600K, reserved 557056K
  class space    used 12484K, committed 12928K, reserved 425984K
}
Event: 42.900 GC heap after
{Heap after GC invocations=44 (full 0):
 garbage-first heap   total 230400K, used 142112K [0x0000000080000000, 0x0000000100000000)
  region size 1024K, 5 young (5120K), 5 survivors (5120K)
 Metaspace       used 88643K, committed 89600K, reserved 557056K
  class space    used 12484K, committed 12928K, reserved 425984K
}
Event: 43.023 GC heap before
{Heap before GC invocations=44 (full 0):
 garbage-first heap   total 230400K, used 148256K [0x0000000080000000, 0x0000000100000000)
  region size 1024K, 11 young (11264K), 5 survivors (5120K)
 Metaspace       used 88684K, committed 89664K, reserved 557056K
  class space    used 12484K, committed 12928K, reserved 425984K
}
Event: 43.036 GC heap after
{Heap after GC invocations=45 (full 0):
 garbage-first heap   total 460800K, used 143807K [0x0000000080000000, 0x0000000100000000)
  region size 1024K, 2 young (2048K), 2 survivors (2048K)
 Metaspace       used 88684K, committed 89664K, reserved 557056K
  class space    used 12484K, committed 12928K, reserved 425984K
}
Event: 799.011 GC heap before
{Heap before GC invocations=45 (full 0):
 garbage-first heap   total 460800K, used 272831K [0x0000000080000000, 0x0000000100000000)
  region size 1024K, 129 young (132096K), 2 survivors (2048K)
 Metaspace       used 93790K, committed 94848K, reserved 557056K
  class space    used 13142K, committed 13632K, reserved 425984K
}
Event: 799.025 GC heap after
{Heap after GC invocations=46 (full 0):
 garbage-first heap   total 460800K, used 150282K [0x0000000080000000, 0x0000000100000000)
  region size 1024K, 8 young (8192K), 8 survivors (8192K)
 Metaspace       used 93790K, committed 94848K, reserved 557056K
  class space    used 13142K, committed 13632K, reserved 425984K
}
Event: 801.467 GC heap before
{Heap before GC invocations=46 (full 0):
 garbage-first heap   total 460800K, used 316170K [0x0000000080000000, 0x0000000100000000)
  region size 1024K, 164 young (167936K), 8 survivors (8192K)
 Metaspace       used 104376K, committed 105472K, reserved 557056K
  class space    used 14485K, committed 14976K, reserved 425984K
}
Event: 801.495 GC heap after
{Heap after GC invocations=47 (full 0):
 garbage-first heap   total 460800K, used 159021K [0x0000000080000000, 0x0000000100000000)
  region size 1024K, 17 young (17408K), 17 survivors (17408K)
 Metaspace       used 104376K, committed 105472K, reserved 557056K
  class space    used 14485K, committed 14976K, reserved 425984K
}
Event: 808.785 GC heap before
{Heap before GC invocations=47 (full 0):
 garbage-first heap   total 460800K, used 321837K [0x0000000080000000, 0x0000000100000000)
  region size 1024K, 176 young (180224K), 17 survivors (17408K)
 Metaspace       used 112600K, committed 113728K, reserved 557056K
  class space    used 15801K, committed 16320K, reserved 425984K
}
Event: 808.819 GC heap after
{Heap after GC invocations=48 (full 0):
 garbage-first heap   total 460800K, used 170162K [0x0000000080000000, 0x0000000100000000)
  region size 1024K, 20 young (20480K), 20 survivors (20480K)
 Metaspace       used 112600K, committed 113728K, reserved 557056K
  class space    used 15801K, committed 16320K, reserved 425984K
}
Event: 812.520 GC heap before
{Heap before GC invocations=48 (full 0):
 garbage-first heap   total 460800K, used 337074K [0x0000000080000000, 0x0000000100000000)
  region size 1024K, 183 young (187392K), 20 survivors (20480K)
 Metaspace       used 119939K, committed 121344K, reserved 557056K
  class space    used 16888K, committed 17536K, reserved 425984K
}
Event: 812.577 GC heap after
{Heap after GC invocations=49 (full 0):
 garbage-first heap   total 460800K, used 189759K [0x0000000080000000, 0x0000000100000000)
  region size 1024K, 23 young (23552K), 23 survivors (23552K)
 Metaspace       used 119939K, committed 121344K, reserved 557056K
  class space    used 16888K, committed 17536K, reserved 425984K
}
Event: 816.146 GC heap before
{Heap before GC invocations=49 (full 0):
 garbage-first heap   total 460800K, used 343359K [0x0000000080000000, 0x0000000100000000)
  region size 1024K, 173 young (177152K), 23 survivors (23552K)
 Metaspace       used 123431K, committed 124864K, reserved 557056K
  class space    used 17322K, committed 17984K, reserved 425984K
}
Event: 816.202 GC heap after
{Heap after GC invocations=50 (full 0):
 garbage-first heap   total 460800K, used 206624K [0x0000000080000000, 0x0000000100000000)
  region size 1024K, 16 young (16384K), 16 survivors (16384K)
 Metaspace       used 123431K, committed 124864K, reserved 557056K
  class space    used 17322K, committed 17984K, reserved 425984K
}

